Build started 2/15/2012 2:00:29 AM.
     1>Project "D:\Users\Greg\Dropbox\School\CS_405\Artemis\Artemis\Artemis.vcxproj" on node 2 (build target(s)).
     1>PrepareForBuild:
         Creating directory "D:\Users\Greg\Dropbox\School\CS_405\Artemis\x64\Debug\".
       InitializeBuildStatus:
         Creating "x64\Debug\Artemis.unsuccessfulbuild" because "AlwaysCreate" was specified.
       ClCompile:
         F:\Program_Files_(x86)\Microsoft Visual Studio 10.0\VC\bin\x86_amd64\CL.exe /c /I"C:\Program Files\boost" /Zi /nologo /W3 /WX- /Od /Oi /Ot /D WIN32 /D _DEBUG /D _CONSOLE /D _UNICODE /D UNICODE /Gm /EHsc /RTC1 /MDd /GS /fp:fast /Zc:wchar_t /Zc:forScope /openmp /Fo"x64\Debug\\" /Fd"x64\Debug\vc100.pdb" /Gd /TP /errorReport:prompt Artemis.cpp FFNN.cpp
         FFNN.cpp
     1>FFNN.cpp(104): warning C4267: '=' : conversion from 'size_t' to 'int', possible loss of data
     1>FFNN.cpp(131): warning C4267: '+=' : conversion from 'size_t' to 'long', possible loss of data
     1>FFNN.cpp(132): warning C4267: '+=' : conversion from 'size_t' to 'long', possible loss of data
     1>FFNN.cpp(133): warning C4267: '+=' : conversion from 'size_t' to 'long', possible loss of data
     1>FFNN.cpp(134): warning C4267: '+=' : conversion from 'size_t' to 'long', possible loss of data
     1>FFNN.cpp(152): warning C4267: '=' : conversion from 'size_t' to 'long', possible loss of data
         Artemis.cpp
         Generating Code...
       ManifestResourceCompile:
         F:\Program_Files_(x86)\Microsoft SDKs\Windows\v7.0A\bin\rc.exe /nologo /fo"x64\Debug\Artemis.exe.embed.manifest.res" x64\Debug\Artemis_manifest.rc 
       Link:
         F:\Program_Files_(x86)\Microsoft Visual Studio 10.0\VC\bin\x86_amd64\link.exe /ERRORREPORT:PROMPT /OUT:"D:\Users\Greg\Dropbox\School\CS_405\Artemis\x64\Debug\Artemis.exe" /INCREMENTAL /NOLOGO /LIBPATH:"C:\Program Files\boost\stage\lib" kernel32.lib user32.lib gdi32.lib winspool.lib comdlg32.lib advapi32.lib shell32.lib ole32.lib oleaut32.lib uuid.lib odbc32.lib odbccp32.lib /MANIFEST /ManifestFile:"x64\Debug\Artemis.exe.intermediate.manifest" /MANIFESTUAC:"level='asInvoker' uiAccess='false'" /DEBUG /PDB:"D:\Users\Greg\Dropbox\School\CS_405\Artemis\x64\Debug\Artemis.pdb" /SUBSYSTEM:CONSOLE /TLBID:1 /DYNAMICBASE /NXCOMPAT /IMPLIB:"D:\Users\Greg\Dropbox\School\CS_405\Artemis\x64\Debug\Artemis.lib" /MACHINE:X64 /PROFILE x64\Debug\Artemis.exe.embed.manifest.res
         x64\Debug\Artemis.obj
         x64\Debug\FFNN.obj
     1>LINK : warning LNK4075: ignoring '/INCREMENTAL' due to '/PROFILE' specification
     1>libboost_chrono-vc100-mt-gd-1_48.lib(chrono.obj) : fatal error LNK1112: module machine type 'X86' conflicts with target machine type 'x64'
     1>Done Building Project "D:\Users\Greg\Dropbox\School\CS_405\Artemis\Artemis\Artemis.vcxproj" (build target(s)) -- FAILED.

Build FAILED.

Time Elapsed 00:00:02.71
